d:\onue\dev\game\mydirectx\mygame\myframework\debug\myframework.pch
d:\onue\dev\game\mydirectx\mygame\myframework\debug\myframework.pdb
d:\onue\dev\game\mydirectx\mygame\myframework\debug\myframework.idb
d:\onue\dev\game\mydirectx\mygame\myframework\debug\myframework.obj
d:\onue\dev\game\mydirectx\mygame\myframework\debug\modelmesh.obj
d:\onue\dev\game\mydirectx\mygame\myframework\debug\material.obj
d:\onue\dev\game\mydirectx\mygame\myframework\debug\binaryfile.obj
d:\onue\dev\game\mydirectx\mygame\myframework\debug\model.obj
d:\onue\dev\game\mydirectx\mygame\myframework\debug\viewport.obj
d:\onue\dev\game\mydirectx\mygame\myframework\debug\cubesky.obj
d:\onue\dev\game\mydirectx\mygame\myframework\debug\shader.obj
d:\onue\dev\game\mydirectx\mygame\myframework\debug\meshsphere.obj
d:\onue\dev\game\mydirectx\mygame\myframework\debug\path.obj
d:\onue\dev\game\mydirectx\mygame\myframework\debug\context.obj
d:\onue\dev\game\mydirectx\mygame\myframework\debug\gui.obj
d:\onue\dev\game\mydirectx\mygame\myframework\debug\meshcylinder.obj
d:\onue\dev\game\mydirectx\mygame\myframework\debug\d3d.obj
d:\onue\dev\game\mydirectx\mygame\myframework\debug\projection.obj
d:\onue\dev\game\mydirectx\mygame\myframework\debug\modelrender.obj
d:\onue\dev\game\mydirectx\mygame\myframework\debug\texture.obj
d:\onue\dev\game\mydirectx\mygame\myframework\debug\modelclip.obj
d:\onue\dev\game\mydirectx\mygame\myframework\debug\xml.obj
d:\onue\dev\game\mydirectx\mygame\myframework\debug\buffers.obj
d:\onue\dev\game\mydirectx\mygame\myframework\debug\perframe.obj
d:\onue\dev\game\mydirectx\mygame\myframework\debug\orthographic.obj
d:\onue\dev\game\mydirectx\mygame\myframework\debug\terrain.obj
d:\onue\dev\game\mydirectx\mygame\myframework\debug\keyboard.obj
d:\onue\dev\game\mydirectx\mygame\myframework\debug\camera.obj
d:\onue\dev\game\mydirectx\mygame\myframework\debug\mesh.obj
d:\onue\dev\game\mydirectx\mygame\myframework\debug\debugline.obj
d:\onue\dev\game\mydirectx\mygame\myframework\debug\window.obj
d:\onue\dev\game\mydirectx\mygame\myframework\debug\meshquad.obj
d:\onue\dev\game\mydirectx\mygame\myframework\debug\time.obj
d:\onue\dev\game\mydirectx\mygame\myframework\debug\meshcube.obj
d:\onue\dev\game\mydirectx\mygame\myframework\debug\mouse.obj
d:\onue\dev\game\mydirectx\mygame\myframework\debug\string.obj
d:\onue\dev\game\mydirectx\mygame\myframework\debug\modelanimator.obj
d:\onue\dev\game\mydirectx\mygame\myframework\debug\transform.obj
d:\onue\dev\game\mydirectx\mygame\myframework\debug\freedom.obj
d:\onue\dev\game\mydirectx\mygame\myframework\debug\cubemap.obj
d:\onue\dev\game\mydirectx\mygame\myframework\debug\renderer.obj
d:\onue\dev\game\mydirectx\mygame\myframework\debug\perspective.obj
d:\onue\dev\game\mydirectx\mygame\myframework\debug\meshgrid.obj
d:\onue\dev\game\mydirectx\mygame\myframework\debug\math.obj
d:\onue\dev\game\mydirectx\mygame\debug\myframework.lib
d:\onue\dev\game\mydirectx\mygame\myframework\debug\myframework.tlog\cl.command.1.tlog
d:\onue\dev\game\mydirectx\mygame\myframework\debug\myframework.tlog\cl.read.1.tlog
d:\onue\dev\game\mydirectx\mygame\myframework\debug\myframework.tlog\cl.write.1.tlog
d:\onue\dev\game\mydirectx\mygame\myframework\debug\myframework.tlog\lib-link.read.1.tlog
d:\onue\dev\game\mydirectx\mygame\myframework\debug\myframework.tlog\lib-link.write.1.tlog
d:\onue\dev\game\mydirectx\mygame\myframework\debug\myframework.tlog\lib.command.1.tlog
